[07:18:20.657][INFO][CraftTweaker-EarlyInit]: CraftTweaker is running on a Minecraft 1.20.1 production server modded with platform Forge
[07:18:20.668][INFO][CraftTweaker-EarlyInit]: Successfully injected RecipeFS file system
[07:18:20.712][INFO][CraftTweaker-Plugins]: Successfully identified and loaded plugin crafttweaker:builtin
[07:18:20.724][INFO][CraftTweaker-Plugins]: Successfully identified and loaded plugin crafttweaker:builtin_forge
[07:18:21.615][INFO][CraftTweaker]: The following mods have explicit CraftTweaker support through the default plugin:
[07:18:21.616][INFO][CraftTweaker]: - 'aether' at version '1.20.1-1.4.2-neoforge'
[07:18:21.618][INFO][CraftTweaker]: - 'crafttweaker' at version '14.0.40'
[07:18:34.047][INFO][CraftTweaker-ZenCode]: Started loading scripts for loader 'initialize'
[07:18:34.711][INFO][CraftTweaker-ZenCode]: Compiling and executing scripts
[07:18:34.740][INFO][CraftTweaker-ZenCode]: Successfully initialized modules [crafttweaker, expansions]
[07:18:34.871][INFO][CraftTweaker-ZenCode]: Execution for loader 'initialize' completed successfully
[07:18:51.003][INFO][CraftTweaker-ZenCode]: Started loading scripts for loader 'tags'
[07:18:51.036][INFO][CraftTweaker-ZenCode]: Compiling and executing scripts
[07:18:51.055][INFO][CraftTweaker-ZenCode]: Successfully initialized modules [crafttweaker, expansions]
[07:18:51.068][INFO][CraftTweaker-ZenCode]: Execution for loader 'tags' completed successfully
[07:18:52.962][INFO][CraftTweaker]: crafttweaker.reload.start
[07:18:52.966][INFO][CraftTweaker-ZenCode]: Started loading scripts for loader 'crafttweaker'
[07:18:53.108][INFO][CraftTweaker-ZenCode]: Compiling and executing scripts
[07:18:53.493][INFO][CraftTweaker-ZenCode]: Successfully initialized modules [mods, crafttweaker, expansions]
[07:18:53.505][INFO][CraftTweaker-ZenCode]: Execution for loader 'crafttweaker' completed successfully
[07:18:53.506][INFO][CraftTweaker]: crafttweaker.reload.complete
